Build started 2018-03-08 8:10:56 AM.
     1>Project "C:\Users\danve\Documents\Visual Studio 2013\Projects\Tetris 2.0\Tetris 2.0\Tetris 2.0.vcxproj" on node 2 (Build target(s)).
     1>ClCompile:
         C:\Program Files (x86)\Microsoft Visual Studio 12.0\VC\bin\CL.exe /c /I"C:\SFML-2.3.2\include" /ZI /nologo /W3 /WX- /sdl /Od /Oy- /D _MBCS /Gm /EHsc /RTC1 /MDd /GS /fp:precise /Zc:wchar_t /Zc:forScope /Fo"Debug\\" /Fd"Debug\vc120.pdb" /Gd /TP /analyze- /errorReport:prompt Background.cpp CollisionManager.cpp EndMenu.cpp FontManager.cpp Game.cpp Main.cpp StartMenu.cpp cBlock.cpp cSquare.cpp
         CollisionManager.cpp
     1>c:\users\danve\documents\visual studio 2013\projects\tetris 2.0\tetris 2.0\collisionmanager.cpp(44): warning C4018: '<' : signed/unsigned mismatch
     1>c:\users\danve\documents\visual studio 2013\projects\tetris 2.0\tetris 2.0\collisionmanager.cpp(163): warning C4018: '<' : signed/unsigned mismatch
         Generating Code...
     1>c:\users\danve\documents\visual studio 2013\projects\tetris 2.0\tetris 2.0\collisionmanager.cpp(120): warning C4715: 'CollisionManager::CheckWallCollisions' : not all control paths return a value
         Skipping... (no relevant changes detected)
         cSquare.cpp
         cBlock.cpp
         StartMenu.cpp
         Main.cpp
         Game.cpp
         FontManager.cpp
         EndMenu.cpp
         Background.cpp
       Link:
         C:\Program Files (x86)\Microsoft Visual Studio 12.0\VC\bin\link.exe /ERRORREPORT:PROMPT /OUT:"C:\Users\danve\Documents\Visual Studio 2013\Projects\Tetris 2.0\Debug\Tetris 2.0.exe" /INCREMENTAL /NOLOGO /LIBPATH:"C:\SFML-2.3.2\lib" "sfml-graphics-d.lib" "sfml-window-d.lib" "sfml-system-d.lib" "sfml-audio-d.lib" kernel32.lib user32.lib gdi32.lib winspool.lib comdlg32.lib advapi32.lib shell32.lib ole32.lib oleaut32.lib uuid.lib odbc32.lib odbccp32.lib /MANIFEST /MANIFESTUAC:"level='asInvoker' uiAccess='false'" /manifest:embed /DEBUG /PDB:"C:\Users\danve\Documents\Visual Studio 2013\Projects\Tetris 2.0\Debug\Tetris 2.0.pdb" /TLBID:1 /DYNAMICBASE /NXCOMPAT /IMPLIB:"C:\Users\danve\Documents\Visual Studio 2013\Projects\Tetris 2.0\Debug\Tetris 2.0.lib" /MACHINE:X86 Debug\Background.obj
         Debug\cBlock.obj
         Debug\CollisionManager.obj
         Debug\cSquare.obj
         Debug\EndMenu.obj
         Debug\FontManager.obj
         Debug\Game.obj
         Debug\Main.obj
         Debug\StartMenu.obj
         Tetris 2.0.vcxproj -> C:\Users\danve\Documents\Visual Studio 2013\Projects\Tetris 2.0\Debug\Tetris 2.0.exe
     1>Done Building Project "C:\Users\danve\Documents\Visual Studio 2013\Projects\Tetris 2.0\Tetris 2.0\Tetris 2.0.vcxproj" (Build target(s)).

Build succeeded.

Time Elapsed 00:00:02.02
